[debug] [2019-12-09T09:37:16.083Z] ----------------------------------------------------------------------
[debug] [2019-12-09T09:37:16.085Z] Command:       C:\Program Files\nodejs\node.exe C:\Users\Ruben\AppData\Roaming\npm\node_modules\firebase-tools\lib\bin\firebase.js inti
[debug] [2019-12-09T09:37:16.086Z] CLI Version:   7.9.0
[debug] [2019-12-09T09:37:16.086Z] Platform:      win32
[debug] [2019-12-09T09:37:16.086Z] Node Version:  v10.16.3
[debug] [2019-12-09T09:37:16.086Z] Time:          Mon Dec 09 2019 10:37:16 GMT+0100 (Central European Standard Time)
[debug] [2019-12-09T09:37:16.086Z] ----------------------------------------------------------------------
[debug] [2019-12-09T09:37:16.086Z] 
[error] Error: [object Object] is not a Firebase command
[debug] [2019-12-09T09:37:16.093Z] TypeError: str.toLowerCase is not a function
    at didYouMean (C:\Users\Ruben\AppData\Roaming\npm\node_modules\firebase-tools\node_modules\didyoumean\didYouMean-1.2.1.js:147:48)
    at suggestCommands (C:\Users\Ruben\AppData\Roaming\npm\node_modules\firebase-tools\lib\index.js:28:22)
    at Command.<anonymous> (C:\Users\Ruben\AppData\Roaming\npm\node_modules\firebase-tools\lib\index.js:57:14)
    at Command.listener (C:\Users\Ruben\AppData\Roaming\npm\node_modules\firebase-tools\node_modules\commander\index.js:360:8)
    at Command.emit (events.js:198:13)
    at Command.EventEmitter.emit (domain.js:448:20)
    at Command.parseArgs (C:\Users\Ruben\AppData\Roaming\npm\node_modules\firebase-tools\node_modules\commander\index.js:801:12)
    at Command.parse (C:\Users\Ruben\AppData\Roaming\npm\node_modules\firebase-tools\node_modules\commander\index.js:563:21)
    at Object.<anonymous> (C:\Users\Ruben\AppData\Roaming\npm\node_modules\firebase-tools\lib\bin\firebase.js:98:22)
    at Module._compile (internal/modules/cjs/loader.js:778:30)
    at Object.Module._extensions..js (internal/modules/cjs/loader.js:789:10)
    at Module.load (internal/modules/cjs/loader.js:653:32)
    at tryModuleLoad (internal/modules/cjs/loader.js:593:12)
    at Function.Module._load (internal/modules/cjs/loader.js:585:3)
    at Function.Module.runMain (internal/modules/cjs/loader.js:831:12)
    at startup (internal/bootstrap/node.js:283:19)
[error] 
[error] Error: An unexpected error has occurred.
[debug] [2019-12-09T09:37:23.017Z] ----------------------------------------------------------------------
[debug] [2019-12-09T09:37:23.019Z] Command:       C:\Program Files\nodejs\node.exe C:\Users\Ruben\AppData\Roaming\npm\node_modules\firebase-tools\lib\bin\firebase.js init
[debug] [2019-12-09T09:37:23.019Z] CLI Version:   7.9.0
[debug] [2019-12-09T09:37:23.019Z] Platform:      win32
[debug] [2019-12-09T09:37:23.019Z] Node Version:  v10.16.3
[debug] [2019-12-09T09:37:23.020Z] Time:          Mon Dec 09 2019 10:37:23 GMT+0100 (Central European Standard Time)
[debug] [2019-12-09T09:37:23.020Z] ----------------------------------------------------------------------
[debug] [2019-12-09T09:37:23.020Z] 
[debug] [2019-12-09T09:37:23.026Z] > command requires scopes: ["email","openid","https://www.googleapis.com/auth/cloudplatformprojects.readonly","https://www.googleapis.com/auth/firebase","https://www.googleapis.com/auth/cloud-platform"]
[debug] [2019-12-09T09:37:23.027Z] > authorizing via signed-in user
[info] 
     ######## #### ########  ######## ########     ###     ######  ########
     ##        ##  ##     ## ##       ##     ##  ##   ##  ##       ##
     ######    ##  ########  ######   ########  #########  ######  ######
     ##        ##  ##    ##  ##       ##     ## ##     ##       ## ##
     ##       #### ##     ## ######## ########  ##     ##  ######  ########

You're about to initialize a Firebase project in this directory:

  E:\AngularTeamProject\ApplicationChallenge

